# JRE version: Java(TM) SE Runtime Environment (17.0.6+9) (build 17.0.6+9-LTS-190)
# Java VM: Java HotSpot(TM) 64-Bit Server VM (17.0.6+9-LTS-190, mixed mode, sharing, tiered, compressed oops, compressed class ptrs, g1 gc, windows-amd64)
GC Precious Log:
 CPUs: 8 total, 8 available
 Memory: 3836M
 Large Page Support: Disabled
 NUMA Support: Disabled
 Compressed Oops: Enabled (32-bit)
 Heap Region Size: 1M
 Heap Min Capacity: 8M
 Heap Initial Capacity: 60M
 Heap Max Capacity: 960M
 Pre-touch: Disabled
 Parallel Workers: 8
 Concurrent Workers: 2
 Concurrent Refinement Workers: 8
 Periodic GC: Disabled
Heap:
 garbage-first heap   total 81920K, used 66128K [0x00000000c4000000, 0x0000000100000000)
  region size 1024K, 34 young (34816K), 1 survivors (1024K)
 Metaspace       used 68139K, committed 69184K, reserved 1114112K
  class space    used 9140K, committed 9600K, reserved 1048576K
GC Heap History (20 events):
Event: 6043.768 GC heap before
{Heap before GC invocations=31 (full 0):
 garbage-first heap   total 67584K, used 54407K [0x00000000c4000000, 0x0000000100000000)
  region size 1024K, 19 young (19456K), 1 survivors (1024K)
 Metaspace       used 68072K, committed 69184K, reserved 1114112K
  class space    used 9141K, committed 9600K, reserved 1048576K
}
Event: 6043.916 GC heap after
{Heap after GC invocations=32 (full 0):
 garbage-first heap   total 67584K, used 35983K [0x00000000c4000000, 0x0000000100000000)
  region size 1024K, 1 young (1024K), 1 survivors (1024K)
 Metaspace       used 68072K, committed 69184K, reserved 1114112K
  class space    used 9141K, committed 9600K, reserved 1048576K
}
Event: 6070.021 GC heap before
{Heap before GC invocations=32 (full 0):
 garbage-first heap   total 67584K, used 38031K [0x00000000c4000000, 0x0000000100000000)
  region size 1024K, 3 young (3072K), 1 survivors (1024K)
 Metaspace       used 68072K, committed 69184K, reserved 1114112K
  class space    used 9141K, committed 9600K, reserved 1048576K
}
Event: 6070.350 GC heap after
{Heap after GC invocations=33 (full 0):
 garbage-first heap   total 67584K, used 33646K [0x00000000c4000000, 0x0000000100000000)
  region size 1024K, 1 young (1024K), 1 survivors (1024K)
 Metaspace       used 68072K, committed 69184K, reserved 1114112K
  class space    used 9141K, committed 9600K, reserved 1048576K
}
Event: 6097.267 GC heap before
{Heap before GC invocations=33 (full 0):
 garbage-first heap   total 67584K, used 35694K [0x00000000c4000000, 0x0000000100000000)
  region size 1024K, 3 young (3072K), 1 survivors (1024K)
 Metaspace       used 68073K, committed 69184K, reserved 1114112K
  class space    used 9141K, committed 9600K, reserved 1048576K
}
Event: 6097.428 GC heap after
{Heap after GC invocations=34 (full 0):
 garbage-first heap   total 67584K, used 33163K [0x00000000c4000000, 0x0000000100000000)
  region size 1024K, 1 young (1024K), 1 survivors (1024K)
 Metaspace       used 68073K, committed 69184K, reserved 1114112K
  class space    used 9141K, committed 9600K, reserved 1048576K
}
Event: 6371.463 GC heap before
{Heap before GC invocations=34 (full 0):
 garbage-first heap   total 67584K, used 53643K [0x00000000c4000000, 0x0000000100000000)
  region size 1024K, 21 young (21504K), 1 survivors (1024K)
 Metaspace       used 68078K, committed 69248K, reserved 1114112K
  class space    used 9141K, committed 9600K, reserved 1048576K
}
Event: 6371.630 GC heap after
{Heap after GC invocations=35 (full 0):
 garbage-first heap   total 67584K, used 33157K [0x00000000c4000000, 0x0000000100000000)
  region size 1024K, 1 young (1024K), 1 survivors (1024K)
 Metaspace       used 68078K, committed 69248K, reserved 1114112K
  class space    used 9141K, committed 9600K, reserved 1048576K
}
Event: 6662.104 GC heap before
{Heap before GC invocations=36 (full 0):
 garbage-first heap   total 67584K, used 54661K [0x00000000c4000000, 0x0000000100000000)
  region size 1024K, 22 young (22528K), 1 survivors (1024K)
 Metaspace       used 68076K, committed 69184K, reserved 1114112K
  class space    used 9140K, committed 9600K, reserved 1048576K
}
Event: 6662.200 GC heap after
{Heap after GC invocations=37 (full 0):
 garbage-first heap   total 67584K, used 33162K [0x00000000c4000000, 0x0000000100000000)
  region size 1024K, 1 young (1024K), 1 survivors (1024K)
 Metaspace       used 68076K, committed 69184K, reserved 1114112K
  class space    used 9140K, committed 9600K, reserved 1048576K
}
Event: 6689.392 GC heap before
{Heap before GC invocations=37 (full 0):
 garbage-first heap   total 67584K, used 35210K [0x00000000c4000000, 0x0000000100000000)
  region size 1024K, 3 young (3072K), 1 survivors (1024K)
 Metaspace       used 68087K, committed 69184K, reserved 1114112K
  class space    used 9140K, committed 9600K, reserved 1048576K
}
Event: 6689.495 GC heap after
{Heap after GC invocations=38 (full 0):
 garbage-first heap   total 67584K, used 32992K [0x00000000c4000000, 0x0000000100000000)
  region size 1024K, 1 young (1024K), 1 survivors (1024K)
 Metaspace       used 68087K, committed 69184K, reserved 1114112K
  class space    used 9140K, committed 9600K, reserved 1048576K
}
Event: 6977.939 GC heap before
{Heap before GC invocations=38 (full 0):
 garbage-first heap   total 67584K, used 54496K [0x00000000c4000000, 0x0000000100000000)
  region size 1024K, 22 young (22528K), 1 survivors (1024K)
 Metaspace       used 68087K, committed 69184K, reserved 1114112K
  class space    used 9140K, committed 9600K, reserved 1048576K
}
Event: 6978.026 GC heap after
{Heap after GC invocations=39 (full 0):
 garbage-first heap   total 67584K, used 32986K [0x00000000c4000000, 0x0000000100000000)
  region size 1024K, 1 young (1024K), 1 survivors (1024K)
 Metaspace       used 68087K, committed 69184K, reserved 1114112K
  class space    used 9140K, committed 9600K, reserved 1048576K
}
Event: 7279.724 GC heap before
{Heap before GC invocations=40 (full 0):
 garbage-first heap   total 67584K, used 55514K [0x00000000c4000000, 0x0000000100000000)
  region size 1024K, 23 young (23552K), 1 survivors (1024K)
 Metaspace       used 68088K, committed 69184K, reserved 1114112K
  class space    used 9140K, committed 9600K, reserved 1048576K
}
Event: 7279.796 GC heap after
{Heap after GC invocations=41 (full 0):
 garbage-first heap   total 81920K, used 32985K [0x00000000c4000000, 0x0000000100000000)
  region size 1024K, 1 young (1024K), 1 survivors (1024K)
 Metaspace       used 68088K, committed 69184K, reserved 1114112K
  class space    used 9140K, committed 9600K, reserved 1048576K
}
Event: 7320.428 GC heap before
{Heap before GC invocations=41 (full 0):
 garbage-first heap   total 81920K, used 36057K [0x00000000c4000000, 0x0000000100000000)
  region size 1024K, 4 young (4096K), 1 survivors (1024K)
 Metaspace       used 68088K, committed 69184K, reserved 1114112K
  class space    used 9140K, committed 9600K, reserved 1048576K
}
Event: 7320.483 GC heap after
{Heap after GC invocations=42 (full 0):
 garbage-first heap   total 81920K, used 32797K [0x00000000c4000000, 0x0000000100000000)
  region size 1024K, 1 young (1024K), 1 survivors (1024K)
 Metaspace       used 68088K, committed 69184K, reserved 1114112K
  class space    used 9140K, committed 9600K, reserved 1048576K
}
Event: 7773.390 GC heap before
{Heap before GC invocations=42 (full 0):
 garbage-first heap   total 81920K, used 68637K [0x00000000c4000000, 0x0000000100000000)
  region size 1024K, 36 young (36864K), 1 survivors (1024K)
 Metaspace       used 68118K, committed 69184K, reserved 1114112K
  class space    used 9140K, committed 9600K, reserved 1048576K
}
Event: 7773.510 GC heap after
{Heap after GC invocations=43 (full 0):
 garbage-first heap   total 81920K, used 33360K [0x00000000c4000000, 0x0000000100000000)
  region size 1024K, 1 young (1024K), 1 survivors (1024K)
 Metaspace       used 68118K, committed 69184K, reserved 1114112K
  class space    used 9140K, committed 9600K, reserved 1048576K
}

